[2024-09-23 22:14:26] El cron se ha iniciado.
[2024-09-23 22:14:26] Comenzando nueva iteración del bucle...
[2024-09-23 22:14:26] Obteniendo configuraciones de las APIs...
[2024-09-23 22:14:26] Se han encontrado 1 APIs configuradas.
[2024-09-23 22:14:26] Error en la API WS LOGIN LIZA. Código HTTP: 405
[2024-09-23 22:14:26] Nuevo estado registrado exitosamente para WS LOGIN LIZA.
[2024-09-23 22:14:26] Consulta realizada a la API: WS LOGIN LIZA. Esperando intervalo de ejecución...
[2024-09-23 22:15:26] Iteración completa. Esperando próxima ejecución.
[2024-09-23 22:15:26] Comenzando nueva iteración del bucle...
[2024-09-23 22:15:26] Obteniendo configuraciones de las APIs...
[2024-09-23 22:15:26] Se han encontrado 1 APIs configuradas.
[2024-09-23 22:15:26] Error en la API WS LOGIN LIZA. Código HTTP: 405
[2024-09-23 22:15:26] Nuevo estado registrado exitosamente para WS LOGIN LIZA.
[2024-09-23 22:15:26] Consulta realizada a la API: WS LOGIN LIZA. Esperando intervalo de ejecución...
[2024-09-23 22:16:26] Iteración completa. Esperando próxima ejecución.
[2024-09-23 22:16:26] Comenzando nueva iteración del bucle...
[2024-09-23 22:16:26] Obteniendo configuraciones de las APIs...
[2024-09-23 22:16:26] Se han encontrado 1 APIs configuradas.
[2024-09-23 22:16:26] Error en la API WS LOGIN LIZA. Código HTTP: 405
[2024-09-23 22:16:26] Nuevo estado registrado exitosamente para WS LOGIN LIZA.
[2024-09-23 22:16:26] Consulta realizada a la API: WS LOGIN LIZA. Esperando intervalo de ejecución...
